[debug] [2024-11-25T11:48:25.741Z] ----------------------------------------------------------------------
[debug] [2024-11-25T11:48:25.744Z] Command:       C:\Program Files\nodejs\node.exe C:\Users\nishant_ty\AppData\Roaming\npm\node_modules\firebase-tools\lib\bin\firebase.js init hosting
[debug] [2024-11-25T11:48:25.745Z] CLI Version:   13.27.0
[debug] [2024-11-25T11:48:25.745Z] Platform:      win32
[debug] [2024-11-25T11:48:25.745Z] Node Version:  v20.17.0
[debug] [2024-11-25T11:48:25.745Z] Time:          Mon Nov 25 2024 17:18:25 GMT+0530 (India Standard Time)
[debug] [2024-11-25T11:48:25.745Z] ----------------------------------------------------------------------
[debug] 
[debug] [2024-11-25T11:48:25.751Z] > command requires scopes: ["email","openid","https://www.googleapis.com/auth/cloudplatformprojects.readonly","https://www.googleapis.com/auth/firebase","https://www.googleapis.com/auth/cloud-platform"]
[debug] [2024-11-25T11:48:25.751Z] > authorizing via signed-in user (mailmenishanttyagi@gmail.com)
[info] 
     ######## #### ########  ######## ########     ###     ######  ########
     ##        ##  ##     ## ##       ##     ##  ##   ##  ##       ##
     ######    ##  ########  ######   ########  #########  ######  ######
     ##        ##  ##    ##  ##       ##     ## ##     ##       ## ##
     ##       #### ##     ## ######## ########  ##     ##  ######  ########

You're about to initialize a Firebase project in this directory:

  D:\RealCodeForMoney\youtubedark

[info] 
=== Project Setup
[info] 
[info] First, let's associate this project directory with a Firebase project.
[info] You can create multiple project aliases by running firebase use --add, 
[info] but for now we'll just set up a default project.
[info] 
[debug] [2024-11-25T11:48:50.143Z] Checked if tokens are valid: true, expires at: 1732538621227
[debug] [2024-11-25T11:48:50.143Z] Checked if tokens are valid: true, expires at: 1732538621227
[debug] [2024-11-25T11:48:50.144Z] >>> [apiv2][query] GET https://firebase.googleapis.com/v1beta1/projects pageSize=100
[debug] [2024-11-25T11:48:51.129Z] <<< [apiv2][status] GET https://firebase.googleapis.com/v1beta1/projects 200
[debug] [2024-11-25T11:48:51.129Z] <<< [apiv2][body] GET https://firebase.googleapis.com/v1beta1/projects [omitted]
[info] i  Using project videoplayer-db170 (Videoplayer) 
[info] 
=== Hosting Setup
[debug] [2024-11-25T11:49:03.391Z] Checked if tokens are valid: true, expires at: 1732538621227
[debug] [2024-11-25T11:49:03.391Z] Checked if tokens are valid: true, expires at: 1732538621227
[debug] [2024-11-25T11:49:03.391Z] >>> [apiv2][query] GET https://firebase.googleapis.com/v1beta1/projects/videoplayer-db170 [none]
[debug] [2024-11-25T11:49:04.639Z] <<< [apiv2][status] GET https://firebase.googleapis.com/v1beta1/projects/videoplayer-db170 200
[debug] [2024-11-25T11:49:04.639Z] <<< [apiv2][body] GET https://firebase.googleapis.com/v1beta1/projects/videoplayer-db170 {"projectId":"videoplayer-db170","projectNumber":"754024095183","displayName":"Videoplayer","name":"projects/videoplayer-db170","resources":{"hostingSite":"videoplayer-db170"},"state":"ACTIVE","etag":"1_d20cf6cb-5d0b-4f70-be29-37fd6692bc77"}
[info] 
[info] Your public directory is the folder (relative to your project directory) that
[info] will contain Hosting assets to be uploaded with firebase deploy. If you
[info] have a build process for your assets, use your build's output directory.
[info] 
[info] +  Wrote public/404.html 
[debug] [2024-11-25T11:50:09.862Z] >>> [apiv2][query] GET https://www.gstatic.com/firebasejs/releases.json [none]
[debug] [2024-11-25T11:50:09.960Z] <<< [apiv2][status] GET https://www.gstatic.com/firebasejs/releases.json 200
[debug] [2024-11-25T11:50:09.961Z] <<< [apiv2][body] GET https://www.gstatic.com/firebasejs/releases.json {"current":{"version":"11.0.2","browserURL":"https://www.gstatic.com/firebasejs/11.0.2/firebase.js","packageURL":"https://www.gstatic.com/firebasejs/11.0.2/firebase.tgz"},"live":{"version":"11.0","browserURL":"https://www.gstatic.com/firebasejs/live/11.0/firebase.js","packageURL":"https://www.gstatic.com/firebasejs/live/11.0/firebase.tgz"},"components":{"analytics":"https://www.gstatic.com/firebasejs/11.0.2/firebase-analytics.js","app":"https://www.gstatic.com/firebasejs/11.0.2/firebase-app.js","app-check":"https://www.gstatic.com/firebasejs/11.0.2/firebase-app-check.js","auth":"https://www.gstatic.com/firebasejs/11.0.2/firebase-auth.js","auth/cordova":"https://www.gstatic.com/firebasejs/11.0.2/firebase-auth/cordova.js","auth/web-extension":"https://www.gstatic.com/firebasejs/11.0.2/firebase-auth/web-extension.js","functions":"https://www.gstatic.com/firebasejs/11.0.2/firebase-functions.js","firestore":"https://www.gstatic.com/firebasejs/11.0.2/firebase-firestore.js","firestore/lite":"https://www.gstatic.com/firebasejs/11.0.2/firebase-firestore/lite.js","installations":"https://www.gstatic.com/firebasejs/11.0.2/firebase-installations.js","storage":"https://www.gstatic.com/firebasejs/11.0.2/firebase-storage.js","performance":"https://www.gstatic.com/firebasejs/11.0.2/firebase-performance.js","remote-config":"https://www.gstatic.com/firebasejs/11.0.2/firebase-remote-config.js","messaging":"https://www.gstatic.com/firebasejs/11.0.2/firebase-messaging.js","messaging/sw":"https://www.gstatic.com/firebasejs/11.0.2/firebase-messaging/sw.js","database":"https://www.gstatic.com/firebasejs/11.0.2/firebase-database.js","vertexai":"https://www.gstatic.com/firebasejs/11.0.2/firebase-vertexai.js","data-connect":"https://www.gstatic.com/firebasejs/11.0.2/firebase-data-connect.js","firestore.memory":"https://www.gstatic.com/firebasejs/11.0.2/firebase-firestore.memory.js"}}
[info] +  Wrote public/index.html 
[info] 
[info] i  Didn't detect a .git folder. Assuming D:\RealCodeForMoney\youtubedark is the project root. 
[info] i  Authorizing with GitHub to upload your service account to a GitHub repository's secrets store. 
[info] 
[info] Visit this URL on this device to log in:
[info] https://github.com/login/oauth/authorize?client_id=89cf50f02ac6aaed3484&state=10272249&redirect_uri=http%3A%2F%2Flocalhost%3A9005&scope=read%3Auser%20repo%20public_repo
[info] 
[info] Waiting for authentication...
